{"/Users/Guest/Desktop/roman-numerals-node/spec/romanNumeral-spec.js":{"path":"/Users/Guest/Desktop/roman-numerals-node/spec/romanNumeral-spec.js","s":{"1":1,"2":1,"3":1,"4":1,"5":8,"6":1,"7":1,"8":1,"9":1,"10":1,"11":1,"12":1,"13":1,"14":1,"15":1,"16":1,"17":1,"18":1,"19":1,"20":1,"21":1},"b":{},"f":{"1":1,"2":8,"3":1,"4":1,"5":1,"6":1,"7":1,"8":1,"9":1,"10":1},"fnMap":{"1":{"name":"(anonymous_1)","line":3,"loc":{"start":{"line":3,"column":25},"end":{"line":3,"column":36}}},"2":{"name":"(anonymous_2)","line":6,"loc":{"start":{"line":6,"column":13},"end":{"line":6,"column":24}}},"3":{"name":"(anonymous_3)","line":10,"loc":{"start":{"line":10,"column":87},"end":{"line":10,"column":97}}},"4":{"name":"(anonymous_4)","line":14,"loc":{"start":{"line":14,"column":47},"end":{"line":14,"column":57}}},"5":{"name":"(anonymous_5)","line":18,"loc":{"start":{"line":18,"column":48},"end":{"line":18,"column":58}}},"6":{"name":"(anonymous_6)","line":22,"loc":{"start":{"line":22,"column":48},"end":{"line":22,"column":58}}},"7":{"name":"(anonymous_7)","line":26,"loc":{"start":{"line":26,"column":49},"end":{"line":26,"column":59}}},"8":{"name":"(anonymous_8)","line":30,"loc":{"start":{"line":30,"column":49},"end":{"line":30,"column":59}}},"9":{"name":"(anonymous_9)","line":34,"loc":{"start":{"line":34,"column":50},"end":{"line":34,"column":60}}},"10":{"name":"(anonymous_10)","line":38,"loc":{"start":{"line":38,"column":77},"end":{"line":38,"column":87}}}},"statementMap":{"1":{"start":{"line":1,"column":0},"end":{"line":1,"column":73}},"2":{"start":{"line":3,"column":0},"end":{"line":41,"column":3}},"3":{"start":{"line":4,"column":2},"end":{"line":4,"column":18}},"4":{"start":{"line":6,"column":2},"end":{"line":8,"column":5}},"5":{"start":{"line":7,"column":4},"end":{"line":7,"column":37}},"6":{"start":{"line":10,"column":2},"end":{"line":12,"column":5}},"7":{"start":{"line":11,"column":4},"end":{"line":11,"column":47}},"8":{"start":{"line":14,"column":2},"end":{"line":16,"column":5}},"9":{"start":{"line":15,"column":4},"end":{"line":15,"column":47}},"10":{"start":{"line":18,"column":2},"end":{"line":20,"column":5}},"11":{"start":{"line":19,"column":4},"end":{"line":19,"column":48}},"12":{"start":{"line":22,"column":2},"end":{"line":24,"column":5}},"13":{"start":{"line":23,"column":4},"end":{"line":23,"column":48}},"14":{"start":{"line":26,"column":2},"end":{"line":28,"column":5}},"15":{"start":{"line":27,"column":4},"end":{"line":27,"column":49}},"16":{"start":{"line":30,"column":2},"end":{"line":32,"column":5}},"17":{"start":{"line":31,"column":4},"end":{"line":31,"column":49}},"18":{"start":{"line":34,"column":2},"end":{"line":36,"column":5}},"19":{"start":{"line":35,"column":4},"end":{"line":35,"column":50}},"20":{"start":{"line":38,"column":2},"end":{"line":40,"column":5}},"21":{"start":{"line":39,"column":4},"end":{"line":39,"column":54}}},"branchMap":{}},"/Users/Guest/Desktop/roman-numerals-node/js/romanNumeral.js":{"path":"/Users/Guest/Desktop/roman-numerals-node/js/romanNumeral.js","s":{"1":1,"2":1,"3":8,"4":8,"5":8,"6":8,"7":8,"8":104,"9":12,"10":12,"11":8,"12":1},"b":{},"f":{"1":8,"2":8},"fnMap":{"1":{"name":"RomanNumeral","line":1,"loc":{"start":{"line":1,"column":0},"end":{"line":1,"column":24}}},"2":{"name":"(anonymous_2)","line":3,"loc":{"start":{"line":3,"column":35},"end":{"line":3,"column":49}}}},"statementMap":{"1":{"start":{"line":1,"column":0},"end":{"line":1,"column":26}},"2":{"start":{"line":3,"column":0},"end":{"line":19,"column":1}},"3":{"start":{"line":5,"column":2},"end":{"line":5,"column":18}},"4":{"start":{"line":6,"column":2},"end":{"line":6,"column":75}},"5":{"start":{"line":7,"column":2},"end":{"line":7,"column":21}},"6":{"start":{"line":8,"column":2},"end":{"line":8,"column":89}},"7":{"start":{"line":11,"column":2},"end":{"line":17,"column":3}},"8":{"start":{"line":12,"column":6},"end":{"line":15,"column":7}},"9":{"start":{"line":13,"column":8},"end":{"line":13,"column":28}},"10":{"start":{"line":14,"column":8},"end":{"line":14,"column":30}},"11":{"start":{"line":18,"column":2},"end":{"line":18,"column":16}},"12":{"start":{"line":21,"column":0},"end":{"line":21,"column":42}}},"branchMap":{}}}