TN:
SF:/Users/Guest/Desktop/roman-numerals-node/spec/romanNumeral-spec.js
FN:3,(anonymous_1)
FN:6,(anonymous_2)
FN:10,(anonymous_3)
FN:14,(anonymous_4)
FN:18,(anonymous_5)
FN:22,(anonymous_6)
FN:26,(anonymous_7)
FN:30,(anonymous_8)
FN:34,(anonymous_9)
FN:38,(anonymous_10)
FNF:10
FNH:10
FNDA:1,(anonymous_1)
FNDA:8,(anonymous_2)
FNDA:1,(anonymous_3)
FNDA:1,(anonymous_4)
FNDA:1,(anonymous_5)
FNDA:1,(anonymous_6)
FNDA:1,(anonymous_7)
FNDA:1,(anonymous_8)
FNDA:1,(anonymous_9)
FNDA:1,(anonymous_10)
DA:1,1
DA:3,1
DA:4,1
DA:6,1
DA:7,8
DA:10,1
DA:11,1
DA:14,1
DA:15,1
DA:18,1
DA:19,1
DA:22,1
DA:23,1
DA:26,1
DA:27,1
DA:30,1
DA:31,1
DA:34,1
DA:35,1
DA:38,1
DA:39,1
LF:21
LH:21
BRF:0
BRH:0
end_of_record
TN:
SF:/Users/Guest/Desktop/roman-numerals-node/js/romanNumeral.js
FN:1,RomanNumeral
FN:3,(anonymous_2)
FNF:2
FNH:2
FNDA:8,RomanNumeral
FNDA:8,(anonymous_2)
DA:1,1
DA:3,1
DA:5,8
DA:6,8
DA:7,8
DA:8,8
DA:11,8
DA:12,104
DA:13,12
DA:14,12
DA:18,8
DA:21,1
LF:12
LH:12
BRF:0
BRH:0
end_of_record
